# JRE version: OpenJDK Runtime Environment (7.0_79-b14) (build 1.7.0_79-b14)
# Java VM: OpenJDK 64-Bit Server VM (24.79-b02 mixed mode linux-amd64 compressed oops)
Heap
 PSYoungGen      total 29696K, used 64K [0x00000000ebe80000, 0x00000000edc00000, 0x0000000100000000)
  eden space 29184K, 0% used [0x00000000ebe80000,0x00000000ebe80000,0x00000000edb00000)
  from space 512K, 12% used [0x00000000edb00000,0x00000000edb10000,0x00000000edb80000)
  to   space 512K, 0% used [0x00000000edb80000,0x00000000edb80000,0x00000000edc00000)
 ParOldGen       total 40960K, used 2342K [0x00000000c3c00000, 0x00000000c6400000, 0x00000000ebe80000)
  object space 40960K, 5% used [0x00000000c3c00000,0x00000000c3e49978,0x00000000c6400000)
 PSPermGen       total 21504K, used 10107K [0x00000000b9600000, 0x00000000bab00000, 0x00000000c3c00000)
  object space 21504K, 47% used [0x00000000b9600000,0x00000000b9fdedf8,0x00000000bab00000)
GC Heap History (10 events):
Event: 106.937 GC heap after
Heap after GC invocations=388 (full 0):
 PSYoungGen      total 20480K, used 64K [0x00000000ebe80000, 0x00000000ed300000, 0x0000000100000000)
  eden space 19968K, 0% used [0x00000000ebe80000,0x00000000ebe80000,0x00000000ed200000)
  from space 512K, 12% used [0x00000000ed280000,0x00000000ed290000,0x00000000ed300000)
  to   space 512K, 0% used [0x00000000ed200000,0x00000000ed200000,0x00000000ed280000)
 ParOldGen       total 40960K, used 2342K [0x00000000c3c00000, 0x00000000c6400000, 0x00000000ebe80000)
  object space 40960K, 5% used [0x00000000c3c00000,0x00000000c3e49978,0x00000000c6400000)
 PSPermGen       total 21504K, used 10107K [0x00000000b9600000, 0x00000000bab00000, 0x00000000c3c00000)
  object space 21504K, 47% used [0x00000000b9600000,0x00000000b9fdedf8,0x00000000bab00000)
}
Event: 107.399 GC heap before
{Heap before GC invocations=389 (full 0):
 PSYoungGen      total 20480K, used 20032K [0x00000000ebe80000, 0x00000000ed300000, 0x0000000100000000)
  eden space 19968K, 100% used [0x00000000ebe80000,0x00000000ed200000,0x00000000ed200000)
  from space 512K, 12% used [0x00000000ed280000,0x00000000ed290000,0x00000000ed300000)
  to   space 512K, 0% used [0x00000000ed200000,0x00000000ed200000,0x00000000ed280000)
 ParOldGen       total 40960K, used 2342K [0x00000000c3c00000, 0x00000000c6400000, 0x00000000ebe80000)
  object space 40960K, 5% used [0x00000000c3c00000,0x00000000c3e49978,0x00000000c6400000)
 PSPermGen       total 21504K, used 10107K [0x00000000b9600000, 0x00000000bab00000, 0x00000000c3c00000)
  object space 21504K, 47% used [0x00000000b9600000,0x00000000b9fdedf8,0x00000000bab00000)
Event: 107.409 GC heap after
Heap after GC invocations=389 (full 0):
 PSYoungGen      total 20480K, used 64K [0x00000000ebe80000, 0x00000000ed700000, 0x0000000100000000)
  eden space 19968K, 0% used [0x00000000ebe80000,0x00000000ebe80000,0x00000000ed200000)
  from space 512K, 12% used [0x00000000ed200000,0x00000000ed210000,0x00000000ed280000)
  to   space 512K, 0% used [0x00000000ed680000,0x00000000ed680000,0x00000000ed700000)
 ParOldGen       total 40960K, used 2342K [0x00000000c3c00000, 0x00000000c6400000, 0x00000000ebe80000)
  object space 40960K, 5% used [0x00000000c3c00000,0x00000000c3e49978,0x00000000c6400000)
 PSPermGen       total 21504K, used 10107K [0x00000000b9600000, 0x00000000bab00000, 0x00000000c3c00000)
  object space 21504K, 47% used [0x00000000b9600000,0x00000000b9fdedf8,0x00000000bab00000)
}
Event: 108.184 GC heap before
{Heap before GC invocations=390 (full 0):
 PSYoungGen      total 20480K, used 20032K [0x00000000ebe80000, 0x00000000ed700000, 0x0000000100000000)
  eden space 19968K, 100% used [0x00000000ebe80000,0x00000000ed200000,0x00000000ed200000)
  from space 512K, 12% used [0x00000000ed200000,0x00000000ed210000,0x00000000ed280000)
  to   space 512K, 0% used [0x00000000ed680000,0x00000000ed680000,0x00000000ed700000)
 ParOldGen       total 40960K, used 2342K [0x00000000c3c00000, 0x00000000c6400000, 0x00000000ebe80000)
  object space 40960K, 5% used [0x00000000c3c00000,0x00000000c3e49978,0x00000000c6400000)
 PSPermGen       total 21504K, used 10107K [0x00000000b9600000, 0x00000000bab00000, 0x00000000c3c00000)
  object space 21504K, 47% used [0x00000000b9600000,0x00000000b9fdedf8,0x00000000bab00000)
Event: 108.194 GC heap after
Heap after GC invocations=390 (full 0):
 PSYoungGen      total 24576K, used 64K [0x00000000ebe80000, 0x00000000ed700000, 0x0000000100000000)
  eden space 24064K, 0% used [0x00000000ebe80000,0x00000000ebe80000,0x00000000ed600000)
  from space 512K, 12% used [0x00000000ed680000,0x00000000ed690000,0x00000000ed700000)
  to   space 512K, 0% used [0x00000000ed600000,0x00000000ed600000,0x00000000ed680000)
 ParOldGen       total 40960K, used 2342K [0x00000000c3c00000, 0x00000000c6400000, 0x00000000ebe80000)
  object space 40960K, 5% used [0x00000000c3c00000,0x00000000c3e49978,0x00000000c6400000)
 PSPermGen       total 21504K, used 10107K [0x00000000b9600000, 0x00000000bab00000, 0x00000000c3c00000)
  object space 21504K, 47% used [0x00000000b9600000,0x00000000b9fdedf8,0x00000000bab00000)
}
Event: 108.957 GC heap before
{Heap before GC invocations=391 (full 0):
 PSYoungGen      total 24576K, used 24128K [0x00000000ebe80000, 0x00000000ed700000, 0x0000000100000000)
  eden space 24064K, 100% used [0x00000000ebe80000,0x00000000ed600000,0x00000000ed600000)
  from space 512K, 12% used [0x00000000ed680000,0x00000000ed690000,0x00000000ed700000)
  to   space 512K, 0% used [0x00000000ed600000,0x00000000ed600000,0x00000000ed680000)
 ParOldGen       total 40960K, used 2342K [0x00000000c3c00000, 0x00000000c6400000, 0x00000000ebe80000)
  object space 40960K, 5% used [0x00000000c3c00000,0x00000000c3e49978,0x00000000c6400000)
 PSPermGen       total 21504K, used 10107K [0x00000000b9600000, 0x00000000bab00000, 0x00000000c3c00000)
  object space 21504K, 47% used [0x00000000b9600000,0x00000000b9fdedf8,0x00000000bab00000)
Event: 108.967 GC heap after
Heap after GC invocations=391 (full 0):
 PSYoungGen      total 24576K, used 96K [0x00000000ebe80000, 0x00000000edc00000, 0x0000000100000000)
  eden space 24064K, 0% used [0x00000000ebe80000,0x00000000ebe80000,0x00000000ed600000)
  from space 512K, 18% used [0x00000000ed600000,0x00000000ed618000,0x00000000ed680000)
  to   space 512K, 0% used [0x00000000edb80000,0x00000000edb80000,0x00000000edc00000)
 ParOldGen       total 40960K, used 2342K [0x00000000c3c00000, 0x00000000c6400000, 0x00000000ebe80000)
  object space 40960K, 5% used [0x00000000c3c00000,0x00000000c3e49978,0x00000000c6400000)
 PSPermGen       total 21504K, used 10107K [0x00000000b9600000, 0x00000000bab00000, 0x00000000c3c00000)
  object space 21504K, 47% used [0x00000000b9600000,0x00000000b9fdedf8,0x00000000bab00000)
}
Event: 109.692 GC heap before
{Heap before GC invocations=392 (full 0):
 PSYoungGen      total 24576K, used 24160K [0x00000000ebe80000, 0x00000000edc00000, 0x0000000100000000)
  eden space 24064K, 100% used [0x00000000ebe80000,0x00000000ed600000,0x00000000ed600000)
  from space 512K, 18% used [0x00000000ed600000,0x00000000ed618000,0x00000000ed680000)
  to   space 512K, 0% used [0x00000000edb80000,0x00000000edb80000,0x00000000edc00000)
 ParOldGen       total 40960K, used 2342K [0x00000000c3c00000, 0x00000000c6400000, 0x00000000ebe80000)
  object space 40960K, 5% used [0x00000000c3c00000,0x00000000c3e49978,0x00000000c6400000)
 PSPermGen       total 21504K, used 10107K [0x00000000b9600000, 0x00000000bab00000, 0x00000000c3c00000)
  object space 21504K, 47% used [0x00000000b9600000,0x00000000b9fdedf8,0x00000000bab00000)
Event: 109.718 GC heap after
Heap after GC invocations=392 (full 0):
 PSYoungGen      total 29696K, used 64K [0x00000000ebe80000, 0x00000000edc00000, 0x0000000100000000)
  eden space 29184K, 0% used [0x00000000ebe80000,0x00000000ebe80000,0x00000000edb00000)
  from space 512K, 12% used [0x00000000edb80000,0x00000000edb90000,0x00000000edc00000)
  to   space 512K, 0% used [0x00000000edb00000,0x00000000edb00000,0x00000000edb80000)
 ParOldGen       total 40960K, used 2342K [0x00000000c3c00000, 0x00000000c6400000, 0x00000000ebe80000)
  object space 40960K, 5% used [0x00000000c3c00000,0x00000000c3e49978,0x00000000c6400000)
 PSPermGen       total 21504K, used 10107K [0x00000000b9600000, 0x00000000bab00000, 0x00000000c3c00000)
  object space 21504K, 47% used [0x00000000b9600000,0x00000000b9fdedf8,0x00000000bab00000)
}
Event: 116.326 GC heap before
{Heap before GC invocations=393 (full 0):
 PSYoungGen      total 29696K, used 29248K [0x00000000ebe80000, 0x00000000edc00000, 0x0000000100000000)
  eden space 29184K, 100% used [0x00000000ebe80000,0x00000000edb00000,0x00000000edb00000)
  from space 512K, 12% used [0x00000000edb80000,0x00000000edb90000,0x00000000edc00000)
  to   space 512K, 0% used [0x00000000edb00000,0x00000000edb00000,0x00000000edb80000)
 ParOldGen       total 40960K, used 2342K [0x00000000c3c00000, 0x00000000c6400000, 0x00000000ebe80000)
  object space 40960K, 5% used [0x00000000c3c00000,0x00000000c3e49978,0x00000000c6400000)
 PSPermGen       total 21504K, used 10107K [0x00000000b9600000, 0x00000000bab00000, 0x00000000c3c00000)
  object space 21504K, 47% used [0x00000000b9600000,0x00000000b9fdedf8,0x00000000bab00000)

